9
 Info. Tech.
1
 DBMS
 IT-101
19
IT101 IT102 IT103 IT104 IT105 IT106 IT107 IT108 IT109 IT110 IT112 IT113 IT114 IT115 IT116 IT117 IT118 IT119 IT121 
 CSE
2
 Maths
 ME-10
30
CSE201 CSE202 CSE203 CSE204 CSE205 CSE206 CSE207 CSE208 CSE209 CSE210 CSE211 CSE212 CSE213 CSE214 CSE215 CSE216 CSE217 CSE218 CSE219 CSE220 CSE221 CSE222 CSE223 CSE224 CSE225 CSE226 CSE227 CSE228 CSE229 CSE231 
Physics
CE-252
41
ECE301 ECE302 ECE303 ECE304 ECE305 ECE306 ECE307 ECE308 ECE309 ECE310 ECE321 ECE322 ECE323 ECE324 ECE325 ECE326 ECE327 ECE328 ECE329 ECE330 ECE331 ECE332 ECE333 ECE334 ECE335 ECE336 ECE337 ECE338 ECE339 ECE340 ECE341 ECE342 ECE343 ECE344 ECE345 ECE346 ECE347 ECE348 ECE349 ECE350 ECE351 
 ECE
2
 OS
 EVS
64
ME401 ME402 ME403 ME404 ME405 ME406 ME407 ME408 ME409 ME410 ME411 ME412 ME413 ME414 ME415 ME416 ME417 ME418 ME420 ME421 ME422 ME423 ME424 ME425 ME426 ME427 ME428 ME429 ME430 ME431 ME432 ME433 ME434 ME436 ME437 ME438 ME439 ME440 ME441 ME442 ME443 ME444 ME445 ME446 ME447 ME448 ME449 ME450 ME451 ME452 ME453 ME454 ME455 ME456 ME457 ME458 ME459 ME460 ME461 ME462 ME463 ME464 ME465 ME466 
 EVS
 ED-10
8
 501  502  504  505  506  507  508  509 
 Mech. Engg.
2
 Java
 ED-10
11
EE601 EE602 EE603 EE604 EE605 EE606 EE607 EE608 EE609 EE610 EE611 
 C++
 IT-102
46
 801  802  803  804  805  806  807  808  809  810  811  812  813  814  815  816  817  818  819  820  821  822  823  824  825  826  827  828  829  830  831  832  833  834  835  836  837  838  839  845  846  847  848  849  850  851 
 Production Engg.
1
 EVS
 IT-102
5
E E901 E E902 E E904 E E905 E E906 
 Electrical Engg.
1
 Chem.
 IT-203
17
CSci1001 CSci1002 CSci1003 CSci1004 CSci1005 CSci1006 CSci1007 CSci1009 CSci1010 CSci1011 CSci1012 CSci1013 CSci1014 CSci1015 CSci1016 CSci1017 CSci1018 
 IT
1
 ED
 CE-120
33
MBA2001 MBA2002 MBA2003 MBA2004 MBA2005 MBA2006 MBA2007 MBA2008 MBA2009 MBA2010 MBA2011 MBA2012 MBA2013 MBA2014 MBA2015 MBA2016 MBA2017 MBA2018 MBA2019 MBA2020 MBA2021 MBA2022 MBA2023 MBA2025 MBA2026 MBA2027 MBA2028 MBA2029 MBA2030 MBA2031 MBA2032 MBA2033 MBA2034 
 Electronics Engg.
1
 Maths
 ME-140
11
P13001 P13002 P13003 P13004 P13005 P13006 P13007 P13008 P13009 P13011 P13012 
 Comp. Sci. Engg.
3
 Maths
 EE-109
17
p24001 p24002 p24003 p24004 p24005 p24006 p24007 p24008 p24009 p24010 p24015 p24016 p24017 p24018 p24019 p24021 p24022 
DBMS
 1234S
10
P35001 P35002 P35003 P35005 P35006 P35007 P35008 P35009 P35010 P35011 
 Physics
 IT-203
13
P46001 P46002 P46003 P46004 P46005 P46006 P46007 P46008 P46009 P46010 P46011 P46012 P46013 
