9
21
101 102 103 104 105 106 107 108 109 110 111 112 113 114 115 116 117 118 119 120 121 
2
111 120 
31
201 202 203 204 205 206 207 208 209 210 211 212 213 214 215 216 217 218 219 220 221 222 223 224 225 226 227 228 229 230 231 
1
230 
51
301 302 303 304 305 306 307 308 309 310 311 312 313 314 315 316 317 318 319 320 321 322 323 324 325 326 327 328 329 330 331 332 333 334 335 336 337 338 339 340 341 342 343 344 345 346 347 348 349 350 351 
10
311 312 313 314 315 316 317 318 319 320 
66
401 402 403 404 405 406 407 408 409 410 411 412 413 414 415 416 417 418 419 420 421 422 423 424 425 426 427 428 429 430 431 432 433 434 435 436 437 438 439 440 441 442 443 444 445 446 447 448 449 450 451 452 453 454 455 456 457 458 459 460 461 462 463 464 465 466 
2
419 435 
9
501 502 503 504 505 506 507 508 509 
1
503 
11
601 602 603 604 605 606 607 608 609 610 611 
0
51
801 802 803 804 805 806 807 808 809 810 811 812 813 814 815 816 817 818 819 820 821 822 823 824 825 826 827 828 829 830 831 832 833 834 835 836 837 838 839 840 841 842 843 844 845 846 847 848 849 850 851 
5
840 841 842 843 844 
6
901 902 903 904 905 906 
1
903 
18
1001 1002 1003 1004 1005 1006 1007 1008 1009 1010 1011 1012 1013 1014 1015 1016 1017 1018 
1
1008 
34
2001 2002 2003 2004 2005 2006 2007 2008 2009 2010 2011 2012 2013 2014 2015 2016 2017 2018 2019 2020 2021 2022 2023 2024 2025 2026 2027 2028 2029 2030 2031 2032 2033 2034 
1
2024 
12
3001 3002 3003 3004 3005 3006 3007 3008 3009 3010 3011 3012 
1
3010 
22
4001 4002 4003 4004 4005 4006 4007 4008 4009 4010 4011 4012 4013 4014 4015 4016 4017 4018 4019 4020 4021 4022 
5
4011 4012 4013 4014 4020 
11
5001 5002 5003 5004 5005 5006 5007 5008 5009 5010 5011 
1
5004 
13
6001 6002 6003 6004 6005 6006 6007 6008 6009 6010 6011 6012 6013 
0
