3
Centre 1
4
Room1
501	IT105	EE601	IT114	EE609	CSci1002	
IT101	506	IT109	EE605	IT118	CSE202	
502	IT106	EE602	IT115	EE610	CSci1003	
IT102	507	IT110	EE606	IT119	CSE203	
504	IT107	EE603	IT116	EE611	CSci1004	
IT103	508	IT112	EE607	IT121	CSE204	
505	IT108	EE604	IT117	CSE201	CSci1005	
IT104	509	IT113	EE608	CSci1001	CSE205	
Room2
CSE206	CSci1011	CSE214	P46001	CSE222	P46009	
CSci1006	CSE210	CSci1015	CSE218	P46005	CSE226	
CSE207	CSci1012	CSE215	P46002	CSE223	P46010	
CSci1007	CSE211	CSci1016	CSE219	P46006	CSE227	
CSE208	CSci1013	CSE216	P46003	CSE224	P46011	
CSci1009	CSE212	CSci1017	CSE220	P46007	CSE228	
CSE209	CSci1014	CSE217	P46004	CSE225	P46012	
CSci1010	CSE213	CSci1018	CSE221	P46008	CSE229	
Room3
CSE231	803	ECE306	809	ECE322	
P46013	ECE303	806	ECE309	812	
ECE301	804	ECE307	810	ECE323	
801	ECE304	807	ECE310	813	
ECE302	805	ECE308	811	ECE324	
802	ECE305	808	ECE321	814	
Room4
ECE325	818	ECE331	824	ECE337	830	
815	ECE328	821	ECE334	827	ECE340	
ECE326	819	ECE332	825	ECE338	831	
816	ECE329	822	ECE335	828	ECE341	
ECE327	820	ECE333	826	ECE339	832	
817	ECE330	823	ECE336	829	ECE342	
Centre 2
2
Room1
ECE343	837	ECE351	850	ME408	  	
833	ECE347	846	ME404	E	ME412	
ECE344	838	ME401	851	ME409	  	
834	ECE348	847	ME405	E902	ME413	
ECE345	839	ME402	E	ME410	  	
835	ECE349	848	ME406	E	ME414	
ECE346	845	ME403	E901	ME411	  	
836	ECE350	849	ME407	  	ME415	
Room2
ME416	  	ME425	  	ME433	  	
  	ME421	  	ME429	  	ME438	
ME417	  	ME426	  	ME434	  	
  	ME422	  	ME430	  	ME439	
ME418	  	ME427	  	ME436	  	
  	ME423	  	ME431	  	ME440	
ME420	  	ME428	  	ME437	  	
  	ME424	  	ME432	  	ME441	
Centre 3
4
Room1
ME442	  	ME450	  	ME458	  	
  	ME446	  	ME454	  	ME462	
ME443	  	ME451	  	ME459	  	
  	ME447	  	ME455	  	ME463	
ME444	  	ME452	  	ME460	  	
  	ME448	  	ME456	  	ME464	
ME445	  	ME453	  	ME461	  	
  	ME449	  	ME457	  	ME465	
Room2
ME466	  	  	  	  	  	
  	  	  	  	  	  	
  	  	  	  	  	  	
  	  	  	  	  	  	
  	  	  	  	  	  	
  	  	  	  	  	  	
  	  	  	  	  	  	
  	  	  	  	  	  	
Room3
  	  	  	  	  	
  	  	  	  	  	
  	  	  	  	  	
  	  	  	  	  	
  	  	  	  	  	
  	  	  	  	  	
Room4
  	  	  	  	  	  	
  	  	  	  	  	  	
  	  	  	  	  	  	
  	  	  	  	  	  	
  	  	  	  	  	  	
  	  	  	  	  	  	
